<?xml version="1.0" encoding="UTF-8"?>
<testng-results ignored="0" total="1" passed="1" failed="0" skipped="0">
  <reporter-output>
    <line>
      <![CDATA[createCampaignChooseProduct---------->start]]>
    </line>
    <line>
      <![CDATA[createCampaignChooseProduct------------>Success]]>
    </line>
  </reporter-output>
  <suite started-at="2022-03-24T10:18:57 IST" name="Default suite" finished-at="2022-03-24T10:19:26 IST" duration-ms="28564">
    <groups>
      <group name="regressionTest">
        <method signature="CreateCampaignChooseProductTest.createCampaignChooseProduct()[pri:0, instance:com.crm.autodesk.POMpages.Scenarios_7_Mar.CreateCampaignChooseProductTest@7bd4937b]" name="createCampaignChooseProduct" class="com.crm.autodesk.POMpages.Scenarios_7_Mar.CreateCampaignChooseProductTest"/>
      </group> <!-- regressionTest -->
    </groups>
    <test started-at="2022-03-24T10:18:57 IST" name="Default test" finished-at="2022-03-24T10:19:26 IST" duration-ms="28564">
      <class name="com.crm.autodesk.POMpages.Scenarios_7_Mar.CreateCampaignChooseProductTest">
        <test-method is-config="true" signature="beforeSuite()[pri:0, instance:com.crm.autodesk.POMpages.Scenarios_7_Mar.CreateCampaignChooseProductTest@7bd4937b]" started-at="2022-03-24T10:18:57 IST" name="beforeSuite" finished-at="2022-03-24T10:18:57 IST" duration-ms="5" status="PASS">
          <reporter-output>
          </reporter-output>
        </test-method> <!-- beforeSuite -->
        <test-method is-config="true" signature="beforeTest()[pri:0, instance:com.crm.autodesk.POMpages.Scenarios_7_Mar.CreateCampaignChooseProductTest@7bd4937b]" started-at="2022-03-24T10:18:57 IST" name="beforeTest" finished-at="2022-03-24T10:18:57 IST" duration-ms="0" status="PASS">
          <reporter-output>
          </reporter-output>
        </test-method> <!-- beforeTest -->
        <test-method is-config="true" signature="beforeClass()[pri:0, instance:com.crm.autodesk.POMpages.Scenarios_7_Mar.CreateCampaignChooseProductTest@7bd4937b]" started-at="2022-03-24T10:18:57 IST" name="beforeClass" finished-at="2022-03-24T10:19:01 IST" duration-ms="3602" status="PASS">
          <reporter-output>
          </reporter-output>
        </test-method> <!-- beforeClass -->
        <test-method is-config="true" signature="beforeMethod()[pri:0, instance:com.crm.autodesk.POMpages.Scenarios_7_Mar.CreateCampaignChooseProductTest@7bd4937b]" started-at="2022-03-24T10:19:01 IST" name="beforeMethod" finished-at="2022-03-24T10:19:05 IST" duration-ms="4425" status="PASS">
          <reporter-output>
          </reporter-output>
        </test-method> <!-- beforeMethod -->
        <test-method signature="createCampaignChooseProduct()[pri:0, instance:com.crm.autodesk.POMpages.Scenarios_7_Mar.CreateCampaignChooseProductTest@7bd4937b]" started-at="2022-03-24T10:19:05 IST" name="createCampaignChooseProduct" finished-at="2022-03-24T10:19:25 IST" duration-ms="20063" status="PASS">
          <reporter-output>
            <line>
              <![CDATA[createCampaignChooseProduct---------->start]]>
            </line>
            <line>
              <![CDATA[createCampaignChooseProduct------------>Success]]>
            </line>
          </reporter-output>
        </test-method> <!-- createCampaignChooseProduct -->
        <test-method is-config="true" signature="afterMethod()[pri:0, instance:com.crm.autodesk.POMpages.Scenarios_7_Mar.CreateCampaignChooseProductTest@7bd4937b]" started-at="2022-03-24T10:19:25 IST" name="afterMethod" finished-at="2022-03-24T10:19:25 IST" duration-ms="147" status="PASS">
          <reporter-output>
          </reporter-output>
        </test-method> <!-- afterMethod -->
        <test-method is-config="true" signature="afterClass()[pri:0, instance:com.crm.autodesk.POMpages.Scenarios_7_Mar.CreateCampaignChooseProductTest@7bd4937b]" started-at="2022-03-24T10:19:25 IST" name="afterClass" finished-at="2022-03-24T10:19:26 IST" duration-ms="275" status="PASS">
          <reporter-output>
          </reporter-output>
        </test-method> <!-- afterClass -->
        <test-method is-config="true" signature="afterTest()[pri:0, instance:com.crm.autodesk.POMpages.Scenarios_7_Mar.CreateCampaignChooseProductTest@7bd4937b]" started-at="2022-03-24T10:19:26 IST" name="afterTest" finished-at="2022-03-24T10:19:26 IST" duration-ms="1" status="PASS">
          <reporter-output>
          </reporter-output>
        </test-method> <!-- afterTest -->
        <test-method is-config="true" signature="afterSuite()[pri:0, instance:com.crm.autodesk.POMpages.Scenarios_7_Mar.CreateCampaignChooseProductTest@7bd4937b]" started-at="2022-03-24T10:19:26 IST" name="afterSuite" finished-at="2022-03-24T10:19:26 IST" duration-ms="0" status="PASS">
          <reporter-output>
          </reporter-output>
        </test-method> <!-- afterSuite -->
      </class> <!-- com.crm.autodesk.POMpages.Scenarios_7_Mar.CreateCampaignChooseProductTest -->
    </test> <!-- Default test -->
  </suite> <!-- Default suite -->
</testng-results>
