<?xml version="1.0" encoding="UTF-8"?>
<!-- Generated by org.testng.reporters.JUnitXMLReporter -->
<testsuite ignored="4" hostname="LAPTOP-V2H6MTKJ" failures="0" tests="2" name="Test2" time="38.67" errors="0" timestamp="2022-03-20T01:06:32 IST">
  <testcase classname="com.crm.autodeskselenium.Contact.TC_13Test" name="contactDelete" time="8.743"/>
  <testcase classname="com.crm.autodeskselenium.Contact.TC_12Test" name="contact" time="12.228"/>
  <testcase classname="GenericUtilities.BaseClass" name="@AfterTest afterTest" time="0.0">
    <ignored/>
  </testcase> <!-- @AfterTest afterTest -->
  <testcase classname="GenericUtilities.BaseClass" name="@BeforeSuite beforeSuite" time="0.0">
    <ignored/>
  </testcase> <!-- @BeforeSuite beforeSuite -->
  <testcase classname="GenericUtilities.BaseClass" name="@BeforeTest beforeTest" time="0.0">
    <ignored/>
  </testcase> <!-- @BeforeTest beforeTest -->
  <testcase classname="GenericUtilities.BaseClass" name="@AfterSuite afterSuite" time="0.0">
    <ignored/>
  </testcase> <!-- @AfterSuite afterSuite -->
</testsuite> <!-- Test2 -->
