<?xml version="1.0" encoding="UTF-8"?>
<!-- Generated by org.testng.reporters.JUnitXMLReporter -->
<testsuite ignored="8" hostname="LAPTOP-V2H6MTKJ" failures="0" tests="3" name="Test" time="69.087" errors="0" timestamp="2022-03-23T10:35:58 IST">
  <testcase classname="com.crm.autodesk.POMpages.Scenarios_7_Mar.CreateCampaignChooseProductTest" name="createCampaignChooseProduct" time="15.759"/>
  <testcase classname="com.crm.autodesk.POMpages.Scenarios_7_Mar.CreateOrganizationTest" name="createOrg" time="11.231"/>
  <testcase classname="com.crm.autodesk.POMpages.Scenarios_7_Mar.CreateProductTest" name="createProduct" time="11.522"/>
  <testcase classname="GenericUtilities.BaseClass" name="@AfterTest afterTest" time="0.0">
    <ignored/>
  </testcase> <!-- @AfterTest afterTest -->
  <testcase classname="GenericUtilities.BaseClass" name="@AfterTest afterTest" time="0.0">
    <ignored/>
  </testcase> <!-- @AfterTest afterTest -->
  <testcase classname="GenericUtilities.BaseClass" name="@BeforeSuite beforeSuite" time="0.0">
    <ignored/>
  </testcase> <!-- @BeforeSuite beforeSuite -->
  <testcase classname="GenericUtilities.BaseClass" name="@BeforeSuite beforeSuite" time="0.0">
    <ignored/>
  </testcase> <!-- @BeforeSuite beforeSuite -->
  <testcase classname="GenericUtilities.BaseClass" name="@BeforeTest beforeTest" time="0.0">
    <ignored/>
  </testcase> <!-- @BeforeTest beforeTest -->
  <testcase classname="GenericUtilities.BaseClass" name="@BeforeTest beforeTest" time="0.0">
    <ignored/>
  </testcase> <!-- @BeforeTest beforeTest -->
  <testcase classname="GenericUtilities.BaseClass" name="@AfterSuite afterSuite" time="0.0">
    <ignored/>
  </testcase> <!-- @AfterSuite afterSuite -->
  <testcase classname="GenericUtilities.BaseClass" name="@AfterSuite afterSuite" time="0.0">
    <ignored/>
  </testcase> <!-- @AfterSuite afterSuite -->
</testsuite> <!-- Test -->
